<?xml version="1.0" encoding="UTF-8"?>
<testsuite xmlns:xsi="http://www.w3.org/2001/XMLSchema-instance" xsi:noNamespaceSchemaLocation="https://maven.apache.org/surefire/maven-surefire-plugin/xsd/surefire-test-report.xsd" name="de.rsasoft.TestWelcome" time="0.86" tests="2" errors="0" skipped="0" failures="0">
  <properties>
[...]
</properties>
  <testcase name="testAbc" classname="de.rsasoft.TestWelcome" time="0.026"/>
  <testcase name="testWelcome" classname="de.rsasoft.TestWelcome" time="0.06"/>
</testsuite>